<?xml version="1.0" encoding="UTF-8"?>
<!-- Generated by org.testng.reporters.JUnitReportReporter -->
<testsuite skipped="0" hostname="DCP-PC" name="orangehrmlogin.Login" tests="1" failures="0" timestamp="23 Nov 2018 13:48:24 GMT" time="16.385" errors="0">
  <testcase name="loginPage" time="16.385" classname="orangehrmlogin.Login"/>
</testsuite> <!-- orangehrmlogin.Login -->
